<?xml version="1.0" encoding="UTF-8"?>
<!-- Generated by org.testng.reporters.JUnitXMLReporter -->
<testsuite ignored="0" hostname="TEST-010" failures="6" tests="131" name="Test" time="2252.616" errors="0" timestamp="2023-02-10T13:40:08 IST">
  <testcase classname="scripts.inVC_Edit_Schedule" name="tc1" time="13.57"/>
  <testcase classname="scripts.inVC_Edit_Schedule" name="tc2" time="3.609"/>
  <testcase classname="scripts.inVC_Edit_Schedule" name="tc3" time="13.589">
    <skipped/>
  </testcase> <!-- tc3 -->
  <testcase classname="scripts.inVC_Edit_Schedule" name="tc3" time="13.474">
    <skipped/>
  </testcase> <!-- tc3 -->
  <testcase classname="scripts.inVC_Edit_Schedule" name="tc3" time="13.532">
    <skipped/>
  </testcase> <!-- tc3 -->
  <testcase classname="scripts.inVC_Edit_Schedule" name="tc3" time="13.48">
    <failure type="org.openqa.selenium.NoSuchElementException" message="no such element: Unable to locate element: {&amp;quot;method&amp;quot;:&amp;quot;xpath&amp;quot;,&amp;quot;selector&amp;quot;:&amp;quot;//button[@class=&amp;apos;textIconBtn&amp;apos;]&amp;quot;}
  (Session info: chrome=110.0.5481.78)
For documentation on this error, please visit: https://selenium.dev/exceptions/#no_such_element
Build info: version: &amp;apos;4.4.0&amp;apos;, revision: &amp;apos;e5c75ed026a&amp;apos;
System info: host: &amp;apos;TEST-010&amp;apos;, ip: &amp;apos;172.16.16.7&amp;apos;, os.name: &amp;apos;Windows 10&amp;apos;, os.arch: &amp;apos;amd64&amp;apos;, os.version: &amp;apos;10.0&amp;apos;, java.version: &amp;apos;17.0.5&amp;apos;
Driver info: org.openqa.selenium.chrome.ChromeDriver
Command: [c0860c3c57a652d4ff608d6d190baa84, findElement {using=xpath, value=//button[@class=&amp;apos;textIconBtn&amp;apos;]}]
Capabilities {acceptInsecureCerts: false, browserName: chrome, browserVersion: 110.0.5481.78, chrome: {chromedriverVersion: 110.0.5481.77 (65ed616c6e8e..., userDataDir: C:\Users\SOHEL~1.TES\AppDat...}, goog:chromeOptions: {debuggerAddress: localhost:53370}, networkConnectionEnabled: false, pageLoadStrategy: normal, platformName: WINDOWS, proxy: Proxy(), se:cdp: ws://localhost:53370/devtoo..., se:cdpVersion: 110.0.5481.78, setWindowRect: true, strictFileInteractability: false, timeouts: {implicit: 0, pageLoad: 300000, script: 30000}, unhandledPromptBehavior: dismiss and notify, webauthn:extension:credBlob: true, webauthn:extension:largeBlob: true, webauthn:virtualAuthenticators: true}
Session ID: c0860c3c57a652d4ff608d6d190baa84">
      <![CDATA[org.openqa.selenium.NoSuchElementException: no such element: Unable to locate element: {"method":"xpath","selector":"//button[@class='textIconBtn']"}
  (Session info: chrome=110.0.5481.78)
For documentation on this error, please visit: https://selenium.dev/exceptions/#no_such_element
Build info: version: '4.4.0', revision: 'e5c75ed026a'
System info: host: 'TEST-010', ip: '172.16.16.7', os.name: 'Windows 10', os.arch: 'amd64', os.version: '10.0', java.version: '17.0.5'
Driver info: org.openqa.selenium.chrome.ChromeDriver
Command: [c0860c3c57a652d4ff608d6d190baa84, findElement {using=xpath, value=//button[@class='textIconBtn']}]
Capabilities {acceptInsecureCerts: false, browserName: chrome, browserVersion: 110.0.5481.78, chrome: {chromedriverVersion: 110.0.5481.77 (65ed616c6e8e..., userDataDir: C:\Users\SOHEL~1.TES\AppDat...}, goog:chromeOptions: {debuggerAddress: localhost:53370}, networkConnectionEnabled: false, pageLoadStrategy: normal, platformName: WINDOWS, proxy: Proxy(), se:cdp: ws://localhost:53370/devtoo..., se:cdpVersion: 110.0.5481.78, setWindowRect: true, strictFileInteractability: false, timeouts: {implicit: 0, pageLoad: 300000, script: 30000}, unhandledPromptBehavior: dismiss and notify, webauthn:extension:credBlob: true, webauthn:extension:largeBlob: true, webauthn:virtualAuthenticators: true}
Session ID: c0860c3c57a652d4ff608d6d190baa84
at org.openqa.selenium.remote.codec.w3c.W3CHttpResponseCodec.createException(W3CHttpResponseCodec.java:200)
at org.openqa.selenium.remote.codec.w3c.W3CHttpResponseCodec.decode(W3CHttpResponseCodec.java:133)
at org.openqa.selenium.remote.codec.w3c.W3CHttpResponseCodec.decode(W3CHttpResponseCodec.java:53)
at org.openqa.selenium.remote.HttpCommandExecutor.execute(HttpCommandExecutor.java:184)
at org.openqa.selenium.remote.service.DriverCommandExecutor.invokeExecute(DriverCommandExecutor.java:167)
at org.openqa.selenium.remote.service.DriverCommandExecutor.execute(DriverCommandExecutor.java:142)
at org.openqa.selenium.remote.RemoteWebDriver.execute(RemoteWebDriver.java:547)
at org.openqa.selenium.remote.ElementLocation$ElementFinder$2.findElement(ElementLocation.java:162)
at org.openqa.selenium.remote.ElementLocation.findElement(ElementLocation.java:60)
at org.openqa.selenium.remote.RemoteWebDriver.findElement(RemoteWebDriver.java:365)
at org.openqa.selenium.remote.RemoteWebDriver.findElement(RemoteWebDriver.java:357)
at scripts.inVC_Edit_Schedule.tc3(inVC_Edit_Schedule.java:121)
at java.base/java.util.ArrayList.forEach(ArrayList.java:1511)
... Removed 32 stack frames]]>
    </failure>
  </testcase> <!-- tc3 -->
  <testcase classname="scripts.inVC_Edit_Schedule" name="tc4" time="18.392">
    <skipped/>
  </testcase> <!-- tc4 -->
  <testcase classname="scripts.inVC_Edit_Schedule" name="tc4" time="13.4">
    <skipped/>
  </testcase> <!-- tc4 -->
  <testcase classname="scripts.inVC_Edit_Schedule" name="tc4" time="18.706">
    <skipped/>
  </testcase> <!-- tc4 -->
  <testcase classname="scripts.inVC_Edit_Schedule" name="tc4" time="13.392">
    <failure type="org.openqa.selenium.NoSuchElementException" message="no such element: Unable to locate element: {&amp;quot;method&amp;quot;:&amp;quot;xpath&amp;quot;,&amp;quot;selector&amp;quot;:&amp;quot;//button[@class=&amp;apos;textIconBtn&amp;apos;]&amp;quot;}
  (Session info: chrome=110.0.5481.78)
For documentation on this error, please visit: https://selenium.dev/exceptions/#no_such_element
Build info: version: &amp;apos;4.4.0&amp;apos;, revision: &amp;apos;e5c75ed026a&amp;apos;
System info: host: &amp;apos;TEST-010&amp;apos;, ip: &amp;apos;172.16.16.7&amp;apos;, os.name: &amp;apos;Windows 10&amp;apos;, os.arch: &amp;apos;amd64&amp;apos;, os.version: &amp;apos;10.0&amp;apos;, java.version: &amp;apos;17.0.5&amp;apos;
Driver info: org.openqa.selenium.chrome.ChromeDriver
Command: [206b3f38989e4255b0b71a635b8537ea, findElement {using=xpath, value=//button[@class=&amp;apos;textIconBtn&amp;apos;]}]
Capabilities {acceptInsecureCerts: false, browserName: chrome, browserVersion: 110.0.5481.78, chrome: {chromedriverVersion: 110.0.5481.77 (65ed616c6e8e..., userDataDir: C:\Users\SOHEL~1.TES\AppDat...}, goog:chromeOptions: {debuggerAddress: localhost:53544}, networkConnectionEnabled: false, pageLoadStrategy: normal, platformName: WINDOWS, proxy: Proxy(), se:cdp: ws://localhost:53544/devtoo..., se:cdpVersion: 110.0.5481.78, setWindowRect: true, strictFileInteractability: false, timeouts: {implicit: 0, pageLoad: 300000, script: 30000}, unhandledPromptBehavior: dismiss and notify, webauthn:extension:credBlob: true, webauthn:extension:largeBlob: true, webauthn:virtualAuthenticators: true}
Session ID: 206b3f38989e4255b0b71a635b8537ea">
      <![CDATA[org.openqa.selenium.NoSuchElementException: no such element: Unable to locate element: {"method":"xpath","selector":"//button[@class='textIconBtn']"}
  (Session info: chrome=110.0.5481.78)
For documentation on this error, please visit: https://selenium.dev/exceptions/#no_such_element
Build info: version: '4.4.0', revision: 'e5c75ed026a'
System info: host: 'TEST-010', ip: '172.16.16.7', os.name: 'Windows 10', os.arch: 'amd64', os.version: '10.0', java.version: '17.0.5'
Driver info: org.openqa.selenium.chrome.ChromeDriver
Command: [206b3f38989e4255b0b71a635b8537ea, findElement {using=xpath, value=//button[@class='textIconBtn']}]
Capabilities {acceptInsecureCerts: false, browserName: chrome, browserVersion: 110.0.5481.78, chrome: {chromedriverVersion: 110.0.5481.77 (65ed616c6e8e..., userDataDir: C:\Users\SOHEL~1.TES\AppDat...}, goog:chromeOptions: {debuggerAddress: localhost:53544}, networkConnectionEnabled: false, pageLoadStrategy: normal, platformName: WINDOWS, proxy: Proxy(), se:cdp: ws://localhost:53544/devtoo..., se:cdpVersion: 110.0.5481.78, setWindowRect: true, strictFileInteractability: false, timeouts: {implicit: 0, pageLoad: 300000, script: 30000}, unhandledPromptBehavior: dismiss and notify, webauthn:extension:credBlob: true, webauthn:extension:largeBlob: true, webauthn:virtualAuthenticators: true}
Session ID: 206b3f38989e4255b0b71a635b8537ea
at org.openqa.selenium.remote.codec.w3c.W3CHttpResponseCodec.createException(W3CHttpResponseCodec.java:200)
at org.openqa.selenium.remote.codec.w3c.W3CHttpResponseCodec.decode(W3CHttpResponseCodec.java:133)
at org.openqa.selenium.remote.codec.w3c.W3CHttpResponseCodec.decode(W3CHttpResponseCodec.java:53)
at org.openqa.selenium.remote.HttpCommandExecutor.execute(HttpCommandExecutor.java:184)
at org.openqa.selenium.remote.service.DriverCommandExecutor.invokeExecute(DriverCommandExecutor.java:167)
at org.openqa.selenium.remote.service.DriverCommandExecutor.execute(DriverCommandExecutor.java:142)
at org.openqa.selenium.remote.RemoteWebDriver.execute(RemoteWebDriver.java:547)
at org.openqa.selenium.remote.ElementLocation$ElementFinder$2.findElement(ElementLocation.java:162)
at org.openqa.selenium.remote.ElementLocation.findElement(ElementLocation.java:60)
at org.openqa.selenium.remote.RemoteWebDriver.findElement(RemoteWebDriver.java:365)
at org.openqa.selenium.remote.RemoteWebDriver.findElement(RemoteWebDriver.java:357)
at scripts.inVC_Edit_Schedule.tc4(inVC_Edit_Schedule.java:150)
at java.base/java.util.ArrayList.forEach(ArrayList.java:1511)
... Removed 32 stack frames]]>
    </failure>
  </testcase> <!-- tc4 -->
  <testcase classname="scripts.inVC_Edit_Schedule" name="tc5" time="13.414">
    <skipped/>
  </testcase> <!-- tc5 -->
  <testcase classname="scripts.inVC_Edit_Schedule" name="tc5" time="18.6">
    <skipped/>
  </testcase> <!-- tc5 -->
  <testcase classname="scripts.inVC_Edit_Schedule" name="tc5" time="13.665">
    <skipped/>
  </testcase> <!-- tc5 -->
  <testcase classname="scripts.inVC_Edit_Schedule" name="tc5" time="13.355">
    <failure type="org.openqa.selenium.NoSuchElementException" message="no such element: Unable to locate element: {&amp;quot;method&amp;quot;:&amp;quot;xpath&amp;quot;,&amp;quot;selector&amp;quot;:&amp;quot;//button[@class=&amp;apos;textIconBtn&amp;apos;]&amp;quot;}
  (Session info: chrome=110.0.5481.78)
For documentation on this error, please visit: https://selenium.dev/exceptions/#no_such_element
Build info: version: &amp;apos;4.4.0&amp;apos;, revision: &amp;apos;e5c75ed026a&amp;apos;
System info: host: &amp;apos;TEST-010&amp;apos;, ip: &amp;apos;172.16.16.7&amp;apos;, os.name: &amp;apos;Windows 10&amp;apos;, os.arch: &amp;apos;amd64&amp;apos;, os.version: &amp;apos;10.0&amp;apos;, java.version: &amp;apos;17.0.5&amp;apos;
Driver info: org.openqa.selenium.chrome.ChromeDriver
Command: [4a9fa50dee0d886c04d61687d6cdc2cf, findElement {using=xpath, value=//button[@class=&amp;apos;textIconBtn&amp;apos;]}]
Capabilities {acceptInsecureCerts: false, browserName: chrome, browserVersion: 110.0.5481.78, chrome: {chromedriverVersion: 110.0.5481.77 (65ed616c6e8e..., userDataDir: C:\Users\SOHEL~1.TES\AppDat...}, goog:chromeOptions: {debuggerAddress: localhost:53727}, networkConnectionEnabled: false, pageLoadStrategy: normal, platformName: WINDOWS, proxy: Proxy(), se:cdp: ws://localhost:53727/devtoo..., se:cdpVersion: 110.0.5481.78, setWindowRect: true, strictFileInteractability: false, timeouts: {implicit: 0, pageLoad: 300000, script: 30000}, unhandledPromptBehavior: dismiss and notify, webauthn:extension:credBlob: true, webauthn:extension:largeBlob: true, webauthn:virtualAuthenticators: true}
Session ID: 4a9fa50dee0d886c04d61687d6cdc2cf">
      <![CDATA[org.openqa.selenium.NoSuchElementException: no such element: Unable to locate element: {"method":"xpath","selector":"//button[@class='textIconBtn']"}
  (Session info: chrome=110.0.5481.78)
For documentation on this error, please visit: https://selenium.dev/exceptions/#no_such_element
Build info: version: '4.4.0', revision: 'e5c75ed026a'
System info: host: 'TEST-010', ip: '172.16.16.7', os.name: 'Windows 10', os.arch: 'amd64', os.version: '10.0', java.version: '17.0.5'
Driver info: org.openqa.selenium.chrome.ChromeDriver
Command: [4a9fa50dee0d886c04d61687d6cdc2cf, findElement {using=xpath, value=//button[@class='textIconBtn']}]
Capabilities {acceptInsecureCerts: false, browserName: chrome, browserVersion: 110.0.5481.78, chrome: {chromedriverVersion: 110.0.5481.77 (65ed616c6e8e..., userDataDir: C:\Users\SOHEL~1.TES\AppDat...}, goog:chromeOptions: {debuggerAddress: localhost:53727}, networkConnectionEnabled: false, pageLoadStrategy: normal, platformName: WINDOWS, proxy: Proxy(), se:cdp: ws://localhost:53727/devtoo..., se:cdpVersion: 110.0.5481.78, setWindowRect: true, strictFileInteractability: false, timeouts: {implicit: 0, pageLoad: 300000, script: 30000}, unhandledPromptBehavior: dismiss and notify, webauthn:extension:credBlob: true, webauthn:extension:largeBlob: true, webauthn:virtualAuthenticators: true}
Session ID: 4a9fa50dee0d886c04d61687d6cdc2cf
at org.openqa.selenium.remote.codec.w3c.W3CHttpResponseCodec.createException(W3CHttpResponseCodec.java:200)
at org.openqa.selenium.remote.codec.w3c.W3CHttpResponseCodec.decode(W3CHttpResponseCodec.java:133)
at org.openqa.selenium.remote.codec.w3c.W3CHttpResponseCodec.decode(W3CHttpResponseCodec.java:53)
at org.openqa.selenium.remote.HttpCommandExecutor.execute(HttpCommandExecutor.java:184)
at org.openqa.selenium.remote.service.DriverCommandExecutor.invokeExecute(DriverCommandExecutor.java:167)
at org.openqa.selenium.remote.service.DriverCommandExecutor.execute(DriverCommandExecutor.java:142)
at org.openqa.selenium.remote.RemoteWebDriver.execute(RemoteWebDriver.java:547)
at org.openqa.selenium.remote.ElementLocation$ElementFinder$2.findElement(ElementLocation.java:162)
at org.openqa.selenium.remote.ElementLocation.findElement(ElementLocation.java:60)
at org.openqa.selenium.remote.RemoteWebDriver.findElement(RemoteWebDriver.java:365)
at org.openqa.selenium.remote.RemoteWebDriver.findElement(RemoteWebDriver.java:357)
at scripts.inVC_Edit_Schedule.tc5(inVC_Edit_Schedule.java:185)
at java.base/java.util.ArrayList.forEach(ArrayList.java:1511)
... Removed 32 stack frames]]>
    </failure>
  </testcase> <!-- tc5 -->
  <testcase classname="scripts.inVC_Edit_Schedule" name="tc6" time="3.437"/>
  <testcase classname="scripts.Invc_License_Expired" name="tc1" time="13.602"/>
  <testcase classname="scripts.Invc_License_Expired" name="tc2" time="19.08"/>
  <testcase classname="scripts.inVC_Recurring_Schedule" name="tc1" time="10.212"/>
  <testcase classname="scripts.inVC_Recurring_Schedule" name="tc10" time="10.811"/>
  <testcase classname="scripts.inVC_Recurring_Schedule" name="tc11" time="10.263"/>
  <testcase classname="scripts.inVC_Recurring_Schedule" name="tc12" time="18.514"/>
  <testcase classname="scripts.inVC_Recurring_Schedule" name="tc14" time="3.546"/>
  <testcase classname="scripts.inVC_Recurring_Schedule" name="tc2" time="8.352"/>
  <testcase classname="scripts.inVC_Recurring_Schedule" name="tc3" time="11.477"/>
  <testcase classname="scripts.inVC_Recurring_Schedule" name="tc4" time="17.58"/>
  <testcase classname="scripts.inVC_Recurring_Schedule" name="tc5" time="24.062"/>
  <testcase classname="scripts.inVC_Recurring_Schedule" name="tc6" time="6.1"/>
  <testcase classname="scripts.inVC_Recurring_Schedule" name="tc7" time="11.002"/>
  <testcase classname="scripts.inVC_Recurring_Schedule" name="tc8" time="7.678"/>
  <testcase classname="scripts.inVC_Recurring_Schedule" name="tc9" time="11.609"/>
  <testcase classname="scripts.inVC_DashBoardPage" name="tc1" time="3.253"/>
  <testcase classname="scripts.inVC_DashBoardPage" name="tc2" time="3.302"/>
  <testcase classname="scripts.inVC_DashBoardPage" name="tc20" time="4.098"/>
  <testcase classname="scripts.inVC_DashBoardPage" name="tc3" time="2.918"/>
  <testcase classname="scripts.inVC_DashBoardPage" name="tc4" time="2.887"/>
  <testcase classname="scripts.inVC_DashBoardPage" name="tc5" time="2.932"/>
  <testcase classname="scripts.inVC_DashBoardPage" name="tc6" time="2.847"/>
  <testcase classname="scripts.inVC_DashBoardPage" name="tc7" time="3.186"/>
  <testcase classname="scripts.inVC_DashBoardPage" name="tc8" time="7.877"/>
  <testcase classname="scripts.inVC_DashBoardPage" name="tc9" time="4.192"/>
  <testcase classname="scripts.inVC_DashBoardPage" name="tc21" time="3.885"/>
  <testcase classname="scripts.inVC_ShareScreenPage" name="tc1" time="8.817"/>
  <testcase classname="scripts.inVC_ShareScreenPage" name="tc2" time="8.484"/>
  <testcase classname="scripts.inVC_ShareScreenPage" name="tc3" time="5.869"/>
  <testcase classname="scripts.inVC_ShareScreenPage" name="tc4" time="8.017">
    <skipped/>
  </testcase> <!-- tc4 -->
  <testcase classname="scripts.inVC_ShareScreenPage" name="tc4" time="11.16"/>
  <testcase classname="scripts.inVC_ShareScreenPage" name="tc5" time="7.39"/>
  <testcase classname="scripts.inVC_SettingPage" name="tc1" time="3.877">
    <failure type="org.openqa.selenium.StaleElementReferenceException" message="stale element reference: element is not attached to the page document
  (Session info: chrome=110.0.5481.78)
For documentation on this error, please visit: https://selenium.dev/exceptions/#stale_element_reference
Build info: version: &amp;apos;4.4.0&amp;apos;, revision: &amp;apos;e5c75ed026a&amp;apos;
System info: host: &amp;apos;TEST-010&amp;apos;, ip: &amp;apos;172.16.16.7&amp;apos;, os.name: &amp;apos;Windows 10&amp;apos;, os.arch: &amp;apos;amd64&amp;apos;, os.version: &amp;apos;10.0&amp;apos;, java.version: &amp;apos;17.0.5&amp;apos;
Driver info: org.openqa.selenium.chrome.ChromeDriver
Command: [f7bbcbdc396da093d95759a0ed9f8826, getElementText {id=a5deb264-32f5-4b15-9c48-95c8ba35983b}]
Capabilities {acceptInsecureCerts: false, browserName: chrome, browserVersion: 110.0.5481.78, chrome: {chromedriverVersion: 110.0.5481.77 (65ed616c6e8e..., userDataDir: C:\Users\SOHEL~1.TES\AppDat...}, goog:chromeOptions: {debuggerAddress: localhost:55373}, networkConnectionEnabled: false, pageLoadStrategy: normal, platformName: WINDOWS, proxy: Proxy(), se:cdp: ws://localhost:55373/devtoo..., se:cdpVersion: 110.0.5481.78, setWindowRect: true, strictFileInteractability: false, timeouts: {implicit: 0, pageLoad: 300000, script: 30000}, unhandledPromptBehavior: dismiss and notify, webauthn:extension:credBlob: true, webauthn:extension:largeBlob: true, webauthn:virtualAuthenticators: true}
Element: [[ChromeDriver: chrome on WINDOWS (f7bbcbdc396da093d95759a0ed9f8826)] -&amp;gt; xpath: //h1[normalize-space()=&amp;apos;Login&amp;apos;]]
Session ID: f7bbcbdc396da093d95759a0ed9f8826">
      <![CDATA[org.openqa.selenium.StaleElementReferenceException: stale element reference: element is not attached to the page document
  (Session info: chrome=110.0.5481.78)
For documentation on this error, please visit: https://selenium.dev/exceptions/#stale_element_reference
Build info: version: '4.4.0', revision: 'e5c75ed026a'
System info: host: 'TEST-010', ip: '172.16.16.7', os.name: 'Windows 10', os.arch: 'amd64', os.version: '10.0', java.version: '17.0.5'
Driver info: org.openqa.selenium.chrome.ChromeDriver
Command: [f7bbcbdc396da093d95759a0ed9f8826, getElementText {id=a5deb264-32f5-4b15-9c48-95c8ba35983b}]
Capabilities {acceptInsecureCerts: false, browserName: chrome, browserVersion: 110.0.5481.78, chrome: {chromedriverVersion: 110.0.5481.77 (65ed616c6e8e..., userDataDir: C:\Users\SOHEL~1.TES\AppDat...}, goog:chromeOptions: {debuggerAddress: localhost:55373}, networkConnectionEnabled: false, pageLoadStrategy: normal, platformName: WINDOWS, proxy: Proxy(), se:cdp: ws://localhost:55373/devtoo..., se:cdpVersion: 110.0.5481.78, setWindowRect: true, strictFileInteractability: false, timeouts: {implicit: 0, pageLoad: 300000, script: 30000}, unhandledPromptBehavior: dismiss and notify, webauthn:extension:credBlob: true, webauthn:extension:largeBlob: true, webauthn:virtualAuthenticators: true}
Element: [[ChromeDriver: chrome on WINDOWS (f7bbcbdc396da093d95759a0ed9f8826)] -> xpath: //h1[normalize-space()='Login']]
Session ID: f7bbcbdc396da093d95759a0ed9f8826
at org.openqa.selenium.remote.codec.w3c.W3CHttpResponseCodec.createException(W3CHttpResponseCodec.java:200)
at org.openqa.selenium.remote.codec.w3c.W3CHttpResponseCodec.decode(W3CHttpResponseCodec.java:133)
at org.openqa.selenium.remote.codec.w3c.W3CHttpResponseCodec.decode(W3CHttpResponseCodec.java:53)
at org.openqa.selenium.remote.HttpCommandExecutor.execute(HttpCommandExecutor.java:184)
at org.openqa.selenium.remote.service.DriverCommandExecutor.invokeExecute(DriverCommandExecutor.java:167)
at org.openqa.selenium.remote.service.DriverCommandExecutor.execute(DriverCommandExecutor.java:142)
at org.openqa.selenium.remote.RemoteWebDriver.execute(RemoteWebDriver.java:547)
at org.openqa.selenium.remote.RemoteWebElement.execute(RemoteWebElement.java:257)
at org.openqa.selenium.remote.RemoteWebElement.getText(RemoteWebElement.java:207)
at scripts.inVC_SettingPage.tc1(inVC_SettingPage.java:42)
at java.base/java.util.ArrayList.forEach(ArrayList.java:1511)
... Removed 32 stack frames]]>
    </failure>
  </testcase> <!-- tc1 -->
  <testcase classname="scripts.inVC_SettingPage" name="tc2" time="8.759"/>
  <testcase classname="scripts.inVC_SettingPage" name="tc3" time="8.703"/>
  <testcase classname="scripts.inVC_SettingPage" name="tc4" time="10.734"/>
  <testcase classname="scripts.inVC_SettingPage" name="tc5" time="8.413"/>
  <testcase classname="scripts.inVC_SettingPage" name="tc6" time="3.716"/>
  <testcase classname="scripts.inVC_Calender_MyMeeting" name="tc1" time="10.593"/>
  <testcase classname="scripts.inVC_Calender_MyMeeting" name="tc2" time="10.72"/>
  <testcase classname="scripts.inVC_Calender_MyMeeting" name="tc3" time="10.699"/>
  <testcase classname="scripts.inVC_Calender_MyMeeting" name="tc4" time="10.566"/>
  <testcase classname="scripts.inVC_File_Upload" name="tc1" time="4.935"/>
  <testcase classname="scripts.inVC_File_Upload" name="tc2" time="9.976"/>
  <testcase classname="scripts.inVC_ForgtPasswordPage" name="tc1" time="5.638"/>
  <testcase classname="scripts.inVC_ForgtPasswordPage" name="tc2" time="3.517"/>
  <testcase classname="scripts.inVC_ForgtPasswordPage" name="tc3" time="3.474"/>
  <testcase classname="scripts.inVC_InstaMeeting" name="tc1" time="2.755"/>
  <testcase classname="scripts.inVC_InstaMeeting" name="tc2" time="2.909">
    <skipped/>
  </testcase> <!-- tc2 -->
  <testcase classname="scripts.inVC_InstaMeeting" name="tc2" time="14.202"/>
  <testcase classname="scripts.inVC_InstaMeeting" name="tc3" time="17.805"/>
  <testcase classname="scripts.inVC_LoginPage" name="tc1" time="0.145"/>
  <testcase classname="scripts.inVC_LoginPage" name="tc2" time="2.699"/>
  <testcase classname="scripts.inVC_LoginPage" name="tc3" time="6.89"/>
  <testcase classname="scripts.inVC_LoginPage" name="tc4" time="1.577"/>
  <testcase classname="scripts.inVC_LoginPage" name="tc5" time="6.469"/>
  <testcase classname="scripts.inVC_ProfilePage" name="tc1" time="11.628"/>
  <testcase classname="scripts.inVC_ProfilePage" name="tc10" time="7.317"/>
  <testcase classname="scripts.inVC_ProfilePage" name="tc11" time="8.835"/>
  <testcase classname="scripts.inVC_ProfilePage" name="tc2" time="7.147"/>
  <testcase classname="scripts.inVC_ProfilePage" name="tc3" time="12.67"/>
  <testcase classname="scripts.inVC_ProfilePage" name="tc4" time="8.019"/>
  <testcase classname="scripts.inVC_ProfilePage" name="tc5" time="7.481"/>
  <testcase classname="scripts.inVC_ProfilePage" name="tc6" time="13.05"/>
  <testcase classname="scripts.inVC_ProfilePage" name="tc7" time="7.265"/>
  <testcase classname="scripts.inVC_ProfilePage" name="tc8" time="7.823"/>
  <testcase classname="scripts.inVC_ProfilePage" name="tc9" time="8.697"/>
  <testcase classname="scripts.inVC_JoinMeetingPage" name="tc1" time="7.895">
    <skipped/>
  </testcase> <!-- tc1 -->
  <testcase classname="scripts.inVC_JoinMeetingPage" name="tc1" time="2.774">
    <skipped/>
  </testcase> <!-- tc1 -->
  <testcase classname="scripts.inVC_JoinMeetingPage" name="tc1" time="3.023"/>
  <testcase classname="scripts.inVC_JoinMeetingPage" name="tc2" time="3.499"/>
  <testcase classname="scripts.inVC_JoinMeetingPage" name="tc3" time="15.759"/>
  <testcase classname="scripts.inVC_JoinMeetingPage" name="tc4" time="14.268"/>
  <testcase classname="scripts.inVC_JoinMeetingPage" name="tc5" time="13.512"/>
  <testcase classname="scripts.inVC_JoinMeetingPage" name="tc6" time="17.51"/>
  <testcase classname="scripts.inVC_JoinMeetingPage" name="tc7" time="31.577"/>
  <testcase classname="scripts.inVC_SignUp_Page" name="tc1" time="0.483"/>
  <testcase classname="scripts.inVC_SignUp_Page" name="tc2" time="2.362"/>
  <testcase classname="scripts.inVC_SignUp_Page" name="tc3" time="1.92"/>
  <testcase classname="scripts.inVC_SignUp_Page" name="tc4" time="7.259"/>
  <testcase classname="scripts.inVC_SignUp_Page" name="tc5" time="8.468"/>
  <testcase classname="scripts.inVC_SignUp_Page" name="tc6" time="1.918"/>
  <testcase classname="scripts.inVC_MyMeetingsPage" name="tc1" time="2.781"/>
  <testcase classname="scripts.inVC_MyMeetingsPage" name="tc2" time="3.543"/>
  <testcase classname="scripts.inVC_MyMeetingsPage" name="tc3" time="8.592"/>
  <testcase classname="scripts.inVC_MyMeetingsPage" name="tc4" time="8.822"/>
  <testcase classname="scripts.inVC_MyMeetingsPage" name="tc5" time="3.442"/>
  <testcase classname="scripts.inVC_MyMeetingsPage" name="tc6" time="9.718"/>
  <testcase classname="scripts.inVC_MyMeetingsPage" name="tc7" time="3.731"/>
  <testcase classname="scripts.inVC_MyMeetingsPage" name="tc8" time="3.453"/>
  <testcase classname="scripts.inVC_Schedule_Meeting" name="tc1" time="2.862">
    <failure type="org.openqa.selenium.StaleElementReferenceException" message="stale element reference: element is not attached to the page document
  (Session info: chrome=110.0.5481.78)
For documentation on this error, please visit: https://selenium.dev/exceptions/#stale_element_reference
Build info: version: &amp;apos;4.4.0&amp;apos;, revision: &amp;apos;e5c75ed026a&amp;apos;
System info: host: &amp;apos;TEST-010&amp;apos;, ip: &amp;apos;172.16.16.7&amp;apos;, os.name: &amp;apos;Windows 10&amp;apos;, os.arch: &amp;apos;amd64&amp;apos;, os.version: &amp;apos;10.0&amp;apos;, java.version: &amp;apos;17.0.5&amp;apos;
Driver info: org.openqa.selenium.chrome.ChromeDriver
Command: [0be62a698343963db56ff5336d2de470, clickElement {id=ef06b70a-5913-465d-a6a5-a277d5c0cb68}]
Capabilities {acceptInsecureCerts: false, browserName: chrome, browserVersion: 110.0.5481.78, chrome: {chromedriverVersion: 110.0.5481.77 (65ed616c6e8e..., userDataDir: C:\Users\SOHEL~1.TES\AppDat...}, goog:chromeOptions: {debuggerAddress: localhost:58113}, networkConnectionEnabled: false, pageLoadStrategy: normal, platformName: WINDOWS, proxy: Proxy(), se:cdp: ws://localhost:58113/devtoo..., se:cdpVersion: 110.0.5481.78, setWindowRect: true, strictFileInteractability: false, timeouts: {implicit: 0, pageLoad: 300000, script: 30000}, unhandledPromptBehavior: dismiss and notify, webauthn:extension:credBlob: true, webauthn:extension:largeBlob: true, webauthn:virtualAuthenticators: true}
Element: [[ChromeDriver: chrome on WINDOWS (0be62a698343963db56ff5336d2de470)] -&amp;gt; xpath: (//div[@class=&amp;apos;btnCardCntnr width50per noLeftPdng&amp;apos;])[2]]
Session ID: 0be62a698343963db56ff5336d2de470">
      <![CDATA[org.openqa.selenium.StaleElementReferenceException: stale element reference: element is not attached to the page document
  (Session info: chrome=110.0.5481.78)
For documentation on this error, please visit: https://selenium.dev/exceptions/#stale_element_reference
Build info: version: '4.4.0', revision: 'e5c75ed026a'
System info: host: 'TEST-010', ip: '172.16.16.7', os.name: 'Windows 10', os.arch: 'amd64', os.version: '10.0', java.version: '17.0.5'
Driver info: org.openqa.selenium.chrome.ChromeDriver
Command: [0be62a698343963db56ff5336d2de470, clickElement {id=ef06b70a-5913-465d-a6a5-a277d5c0cb68}]
Capabilities {acceptInsecureCerts: false, browserName: chrome, browserVersion: 110.0.5481.78, chrome: {chromedriverVersion: 110.0.5481.77 (65ed616c6e8e..., userDataDir: C:\Users\SOHEL~1.TES\AppDat...}, goog:chromeOptions: {debuggerAddress: localhost:58113}, networkConnectionEnabled: false, pageLoadStrategy: normal, platformName: WINDOWS, proxy: Proxy(), se:cdp: ws://localhost:58113/devtoo..., se:cdpVersion: 110.0.5481.78, setWindowRect: true, strictFileInteractability: false, timeouts: {implicit: 0, pageLoad: 300000, script: 30000}, unhandledPromptBehavior: dismiss and notify, webauthn:extension:credBlob: true, webauthn:extension:largeBlob: true, webauthn:virtualAuthenticators: true}
Element: [[ChromeDriver: chrome on WINDOWS (0be62a698343963db56ff5336d2de470)] -> xpath: (//div[@class='btnCardCntnr width50per noLeftPdng'])[2]]
Session ID: 0be62a698343963db56ff5336d2de470
at org.openqa.selenium.remote.codec.w3c.W3CHttpResponseCodec.createException(W3CHttpResponseCodec.java:200)
at org.openqa.selenium.remote.codec.w3c.W3CHttpResponseCodec.decode(W3CHttpResponseCodec.java:133)
at org.openqa.selenium.remote.codec.w3c.W3CHttpResponseCodec.decode(W3CHttpResponseCodec.java:53)
at org.openqa.selenium.remote.HttpCommandExecutor.execute(HttpCommandExecutor.java:184)
at org.openqa.selenium.remote.service.DriverCommandExecutor.invokeExecute(DriverCommandExecutor.java:167)
at org.openqa.selenium.remote.service.DriverCommandExecutor.execute(DriverCommandExecutor.java:142)
at org.openqa.selenium.remote.RemoteWebDriver.execute(RemoteWebDriver.java:547)
at org.openqa.selenium.remote.RemoteWebElement.execute(RemoteWebElement.java:257)
at org.openqa.selenium.remote.RemoteWebElement.click(RemoteWebElement.java:78)
at scripts.inVC_Schedule_Meeting.tc1(inVC_Schedule_Meeting.java:31)
at java.base/java.util.ArrayList.forEach(ArrayList.java:1511)
... Removed 32 stack frames]]>
    </failure>
  </testcase> <!-- tc1 -->
  <testcase classname="scripts.inVC_Schedule_Meeting" name="tc2" time="3.994"/>
  <testcase classname="scripts.inVC_Schedule_Meeting" name="tc3" time="4.209"/>
  <testcase classname="scripts.inVC_Schedule_Meeting" name="tc4" time="10.108"/>
  <testcase classname="scripts.inVC_Schedule_Meeting" name="tc6" time="13.587">
    <skipped/>
  </testcase> <!-- tc6 -->
  <testcase classname="scripts.inVC_Schedule_Meeting" name="tc6" time="13.602">
    <skipped/>
  </testcase> <!-- tc6 -->
  <testcase classname="scripts.inVC_Schedule_Meeting" name="tc6" time="12.704">
    <skipped/>
  </testcase> <!-- tc6 -->
  <testcase classname="scripts.inVC_Schedule_Meeting" name="tc6" time="13.404">
    <failure type="org.openqa.selenium.ElementClickInterceptedException" message="element click intercepted: Element &amp;lt;label for=&amp;quot;slot2&amp;quot;&amp;gt;...&amp;lt;/label&amp;gt; is not clickable at point (244, 172). Other element would receive the click: &amp;lt;div aria-hidden=&amp;quot;true&amp;quot; style=&amp;quot;z-index: -1; position: fixed; inset: 0px; background-color: transparent; -webkit-tap-highlight-color: transparent;&amp;quot;&amp;gt;&amp;lt;/div&amp;gt;
  (Session info: chrome=110.0.5481.78)
Build info: version: &amp;apos;4.4.0&amp;apos;, revision: &amp;apos;e5c75ed026a&amp;apos;
System info: host: &amp;apos;TEST-010&amp;apos;, ip: &amp;apos;172.16.16.7&amp;apos;, os.name: &amp;apos;Windows 10&amp;apos;, os.arch: &amp;apos;amd64&amp;apos;, os.version: &amp;apos;10.0&amp;apos;, java.version: &amp;apos;17.0.5&amp;apos;
Driver info: org.openqa.selenium.chrome.ChromeDriver
Command: [f815f223bb3c7bbcee968d85f29b5889, clickElement {id=fc5e9f10-0451-455f-915a-f677a4f57653}]
Capabilities {acceptInsecureCerts: false, browserName: chrome, browserVersion: 110.0.5481.78, chrome: {chromedriverVersion: 110.0.5481.77 (65ed616c6e8e..., userDataDir: C:\Users\SOHEL~1.TES\AppDat...}, goog:chromeOptions: {debuggerAddress: localhost:58434}, networkConnectionEnabled: false, pageLoadStrategy: normal, platformName: WINDOWS, proxy: Proxy(), se:cdp: ws://localhost:58434/devtoo..., se:cdpVersion: 110.0.5481.78, setWindowRect: true, strictFileInteractability: false, timeouts: {implicit: 0, pageLoad: 300000, script: 30000}, unhandledPromptBehavior: dismiss and notify, webauthn:extension:credBlob: true, webauthn:extension:largeBlob: true, webauthn:virtualAuthenticators: true}
Element: [[ChromeDriver: chrome on WINDOWS (f815f223bb3c7bbcee968d85f29b5889)] -&amp;gt; xpath: //label[normalize-space()=&amp;apos;30min&amp;apos;]]
Session ID: f815f223bb3c7bbcee968d85f29b5889">
      <![CDATA[org.openqa.selenium.ElementClickInterceptedException: element click intercepted: Element <label for="slot2">...</label> is not clickable at point (244, 172). Other element would receive the click: <div aria-hidden="true" style="z-index: -1; position: fixed; inset: 0px; background-color: transparent; -webkit-tap-highlight-color: transparent;"></div>
  (Session info: chrome=110.0.5481.78)
Build info: version: '4.4.0', revision: 'e5c75ed026a'
System info: host: 'TEST-010', ip: '172.16.16.7', os.name: 'Windows 10', os.arch: 'amd64', os.version: '10.0', java.version: '17.0.5'
Driver info: org.openqa.selenium.chrome.ChromeDriver
Command: [f815f223bb3c7bbcee968d85f29b5889, clickElement {id=fc5e9f10-0451-455f-915a-f677a4f57653}]
Capabilities {acceptInsecureCerts: false, browserName: chrome, browserVersion: 110.0.5481.78, chrome: {chromedriverVersion: 110.0.5481.77 (65ed616c6e8e..., userDataDir: C:\Users\SOHEL~1.TES\AppDat...}, goog:chromeOptions: {debuggerAddress: localhost:58434}, networkConnectionEnabled: false, pageLoadStrategy: normal, platformName: WINDOWS, proxy: Proxy(), se:cdp: ws://localhost:58434/devtoo..., se:cdpVersion: 110.0.5481.78, setWindowRect: true, strictFileInteractability: false, timeouts: {implicit: 0, pageLoad: 300000, script: 30000}, unhandledPromptBehavior: dismiss and notify, webauthn:extension:credBlob: true, webauthn:extension:largeBlob: true, webauthn:virtualAuthenticators: true}
Element: [[ChromeDriver: chrome on WINDOWS (f815f223bb3c7bbcee968d85f29b5889)] -> xpath: //label[normalize-space()='30min']]
Session ID: f815f223bb3c7bbcee968d85f29b5889
at org.openqa.selenium.remote.codec.w3c.W3CHttpResponseCodec.createException(W3CHttpResponseCodec.java:200)
at org.openqa.selenium.remote.codec.w3c.W3CHttpResponseCodec.decode(W3CHttpResponseCodec.java:133)
at org.openqa.selenium.remote.codec.w3c.W3CHttpResponseCodec.decode(W3CHttpResponseCodec.java:53)
at org.openqa.selenium.remote.HttpCommandExecutor.execute(HttpCommandExecutor.java:184)
at org.openqa.selenium.remote.service.DriverCommandExecutor.invokeExecute(DriverCommandExecutor.java:167)
at org.openqa.selenium.remote.service.DriverCommandExecutor.execute(DriverCommandExecutor.java:142)
at org.openqa.selenium.remote.RemoteWebDriver.execute(RemoteWebDriver.java:547)
at org.openqa.selenium.remote.RemoteWebElement.execute(RemoteWebElement.java:257)
at org.openqa.selenium.remote.RemoteWebElement.click(RemoteWebElement.java:78)
at scripts.inVC_Schedule_Meeting.tc6(inVC_Schedule_Meeting.java:230)
at java.base/java.util.ArrayList.forEach(ArrayList.java:1511)
... Removed 32 stack frames]]>
    </failure>
  </testcase> <!-- tc6 -->
  <testcase classname="scripts.inVC_Schedule_Meeting" name="tc7" time="3.633"/>
  <testcase classname="scripts.inVC_LicencePage" name="tc1" time="3.393"/>
  <testcase classname="scripts.inVC_LicencePage" name="tc2" time="9.104"/>
  <testcase classname="scripts.inVC_ContactInfo" name="tc1" time="7.782"/>
  <testcase classname="scripts.inVC_ContactInfo" name="tc10" time="10.433"/>
  <testcase classname="scripts.inVC_ContactInfo" name="tc11" time="9.09"/>
  <testcase classname="scripts.inVC_ContactInfo" name="tc12" time="8.629"/>
  <testcase classname="scripts.inVC_ContactInfo" name="tc13" time="8.001"/>
  <testcase classname="scripts.inVC_ContactInfo" name="tc14" time="9.388"/>
  <testcase classname="scripts.inVC_ContactInfo" name="tc15" time="9.43"/>
  <testcase classname="scripts.inVC_ContactInfo" name="tc2" time="8.186"/>
  <testcase classname="scripts.inVC_ContactInfo" name="tc3" time="8.407"/>
  <testcase classname="scripts.inVC_ContactInfo" name="tc4" time="7.962"/>
  <testcase classname="scripts.inVC_ContactInfo" name="tc5" time="9.153"/>
  <testcase classname="scripts.inVC_ContactInfo" name="tc6" time="13.267"/>
  <testcase classname="scripts.inVC_ContactInfo" name="tc7" time="10.114"/>
  <testcase classname="scripts.inVC_ContactInfo" name="tc8" time="10.907"/>
  <testcase classname="scripts.inVC_ContactInfo" name="tc9" time="20.525"/>
</testsuite> <!-- Test -->
