<?xml version="1.0" encoding="UTF-8"?>
<testng-results retried="2" ignored="0" total="21" passed="19" failed="0" skipped="0">
  <reporter-output>
  </reporter-output>
  <suite started-at="2023-02-13T14:53:22 IST" name="Suite" finished-at="2023-02-13T15:02:34 IST" duration-ms="551951">
    <groups>
    </groups>
    <test started-at="2023-02-13T14:53:22 IST" name="Test" finished-at="2023-02-13T15:02:34 IST" duration-ms="551951">
      <class name="scripts.inVC_Recurring_Schedule">
        <test-method is-config="true" signature="openApp()[pri:0, instance:scripts.inVC_Recurring_Schedule@78aab498]" started-at="2023-02-13T14:53:22 IST" name="openApp" finished-at="2023-02-13T14:53:33 IST" duration-ms="10677" status="PASS">
          <reporter-output>
          </reporter-output>
        </test-method> <!-- openApp -->
        <test-method retried="true" signature="tc1()[pri:0, instance:scripts.inVC_Recurring_Schedule@78aab498]" started-at="2023-02-13T14:53:33 IST" name="tc1" finished-at="2023-02-13T14:53:44 IST" duration-ms="11196" status="SKIP">
          <exception class="org.openqa.selenium.NoSuchElementException">
            <message>
              <![CDATA[Unable to locate element: #email
For documentation on this error, please visit: https://www.seleniumhq.org/exceptions/no_such_element.html
Build info: version: '3.141.59', revision: 'e82be7d358', time: '2018-11-14T08:17:03'
System info: host: 'TEST-010', ip: '172.16.16.7', os.name: 'Windows 10', os.arch: 'amd64', os.version: '10.0', java.version: '17.0.6'
Driver info: org.openqa.selenium.firefox.FirefoxDriver
Capabilities {acceptInsecureCerts: true, browserName: firefox, browserVersion: 109.0.1, javascriptEnabled: true, moz:accessibilityChecks: false, moz:buildID: 20230127170202, moz:geckodriverVersion: 0.32.0, moz:headless: false, moz:platformVersion: 10.0, moz:processID: 14404, moz:profile: C:\Users\SOHEL~1.TES\AppDat..., moz:shutdownTimeout: 60000, moz:useNonSpecCompliantPointerOrigin: false, moz:webdriverClick: true, moz:windowless: false, pageLoadStrategy: normal, platform: WINDOWS, platformName: WINDOWS, proxy: Proxy(), setWindowRect: true, strictFileInteractability: false, timeouts: {implicit: 0, pageLoad: 300000, script: 30000}, unhandledPromptBehavior: dismiss and notify}
Session ID: 5b10e8d9-b72a-407d-90a8-cf866f6ddb12
*** Element info: {Using=id, value=email}]]>
            </message>
            <full-stacktrace>
              <![CDATA[org.openqa.selenium.NoSuchElementException: Unable to locate element: #email
For documentation on this error, please visit: https://www.seleniumhq.org/exceptions/no_such_element.html
Build info: version: '3.141.59', revision: 'e82be7d358', time: '2018-11-14T08:17:03'
System info: host: 'TEST-010', ip: '172.16.16.7', os.name: 'Windows 10', os.arch: 'amd64', os.version: '10.0', java.version: '17.0.6'
Driver info: org.openqa.selenium.firefox.FirefoxDriver
Capabilities {acceptInsecureCerts: true, browserName: firefox, browserVersion: 109.0.1, javascriptEnabled: true, moz:accessibilityChecks: false, moz:buildID: 20230127170202, moz:geckodriverVersion: 0.32.0, moz:headless: false, moz:platformVersion: 10.0, moz:processID: 14404, moz:profile: C:\Users\SOHEL~1.TES\AppDat..., moz:shutdownTimeout: 60000, moz:useNonSpecCompliantPointerOrigin: false, moz:webdriverClick: true, moz:windowless: false, pageLoadStrategy: normal, platform: WINDOWS, platformName: WINDOWS, proxy: Proxy(), setWindowRect: true, strictFileInteractability: false, timeouts: {implicit: 0, pageLoad: 300000, script: 30000}, unhandledPromptBehavior: dismiss and notify}
Session ID: 5b10e8d9-b72a-407d-90a8-cf866f6ddb12
*** Element info: {Using=id, value=email}
at java.base/jdk.internal.reflect.NativeConstructorAccessorImpl.newInstance0(Native Method)
at java.base/jdk.internal.reflect.NativeConstructorAccessorImpl.newInstance(NativeConstructorAccessorImpl.java:77)
at java.base/jdk.internal.reflect.DelegatingConstructorAccessorImpl.newInstance(DelegatingConstructorAccessorImpl.java:45)
at java.base/java.lang.reflect.Constructor.newInstanceWithCaller(Constructor.java:499)
at java.base/java.lang.reflect.Constructor.newInstance(Constructor.java:480)
at org.openqa.selenium.remote.http.W3CHttpResponseCodec.createException(W3CHttpResponseCodec.java:187)
at org.openqa.selenium.remote.http.W3CHttpResponseCodec.decode(W3CHttpResponseCodec.java:122)
at org.openqa.selenium.remote.http.W3CHttpResponseCodec.decode(W3CHttpResponseCodec.java:49)
at org.openqa.selenium.remote.HttpCommandExecutor.execute(HttpCommandExecutor.java:158)
at org.openqa.selenium.remote.service.DriverCommandExecutor.execute(DriverCommandExecutor.java:83)
at org.openqa.selenium.remote.RemoteWebDriver.execute(RemoteWebDriver.java:552)
at org.openqa.selenium.remote.RemoteWebDriver.findElement(RemoteWebDriver.java:323)
at org.openqa.selenium.remote.RemoteWebDriver.findElementById(RemoteWebDriver.java:372)
at org.openqa.selenium.By$ById.findElement(By.java:188)
at org.openqa.selenium.remote.RemoteWebDriver.findElement(RemoteWebDriver.java:315)
at scripts.inVC_Recurring_Schedule.tc1(inVC_Recurring_Schedule.java:21)
at java.base/jdk.internal.reflect.NativeMethodAccessorImpl.invoke0(Native Method)
at java.base/jdk.internal.reflect.NativeMethodAccessorImpl.invoke(NativeMethodAccessorImpl.java:77)
at java.base/jdk.internal.reflect.DelegatingMethodAccessorImpl.invoke(DelegatingMethodAccessorImpl.java:43)
at java.base/java.lang.reflect.Method.invoke(Method.java:568)
at org.testng.internal.MethodInvocationHelper.invokeMethod(MethodInvocationHelper.java:133)
at org.testng.internal.TestInvoker.invokeMethod(TestInvoker.java:598)
at org.testng.internal.TestInvoker.invokeTestMethod(TestInvoker.java:173)
at org.testng.internal.MethodRunner.runInSequence(MethodRunner.java:46)
at org.testng.internal.TestInvoker$MethodInvocationAgent.invoke(TestInvoker.java:824)
at org.testng.internal.TestInvoker.invokeTestMethods(TestInvoker.java:146)
at org.testng.internal.TestMethodWorker.invokeTestMethods(TestMethodWorker.java:146)
at org.testng.internal.TestMethodWorker.run(TestMethodWorker.java:128)
at java.base/java.util.ArrayList.forEach(ArrayList.java:1511)
at org.testng.TestRunner.privateRun(TestRunner.java:794)
at org.testng.TestRunner.run(TestRunner.java:596)
at org.testng.SuiteRunner.runTest(SuiteRunner.java:377)
at org.testng.SuiteRunner.runSequentially(SuiteRunner.java:371)
at org.testng.SuiteRunner.privateRun(SuiteRunner.java:332)
at org.testng.SuiteRunner.run(SuiteRunner.java:276)
at org.testng.SuiteRunnerWorker.runSuite(SuiteRunnerWorker.java:53)
at org.testng.SuiteRunnerWorker.run(SuiteRunnerWorker.java:96)
at org.testng.TestNG.runSuitesSequentially(TestNG.java:1212)
at org.testng.TestNG.runSuitesLocally(TestNG.java:1134)
at org.testng.TestNG.runSuites(TestNG.java:1063)
at org.testng.TestNG.run(TestNG.java:1031)
at org.apache.maven.surefire.testng.TestNGExecutor.run(TestNGExecutor.java:324)
at org.apache.maven.surefire.testng.TestNGXmlTestSuite.execute(TestNGXmlTestSuite.java:74)
at org.apache.maven.surefire.testng.TestNGProvider.invoke(TestNGProvider.java:123)
at org.apache.maven.surefire.booter.ForkedBooter.runSuitesInProcess(ForkedBooter.java:456)
at org.apache.maven.surefire.booter.ForkedBooter.execute(ForkedBooter.java:169)
at org.apache.maven.surefire.booter.ForkedBooter.run(ForkedBooter.java:595)
at org.apache.maven.surefire.booter.ForkedBooter.main(ForkedBooter.java:581)
]]>
            </full-stacktrace>
          </exception> <!-- org.openqa.selenium.NoSuchElementException -->
          <reporter-output>
          </reporter-output>
        </test-method> <!-- tc1 -->
        <test-method is-config="true" signature="closeApp(org.testng.ITestResult)[pri:0, instance:scripts.inVC_Recurring_Schedule@78aab498]" started-at="2023-02-13T14:53:44 IST" name="closeApp" finished-at="2023-02-13T14:53:48 IST" duration-ms="4375" status="PASS">
          <params>
            <param index="0">
              <value>
                <![CDATA[[TestResult name=tc1 status=SKIP method=inVC_Recurring_Schedule.tc1()[pri:0, instance:scripts.inVC_Recurring_Schedule@78aab498] output={null}]]]>
              </value>
            </param>
          </params>
          <reporter-output>
          </reporter-output>
        </test-method> <!-- closeApp -->
        <test-method is-config="true" signature="openApp()[pri:0, instance:scripts.inVC_Recurring_Schedule@78aab498]" started-at="2023-02-13T14:53:48 IST" name="openApp" finished-at="2023-02-13T14:53:56 IST" duration-ms="7219" status="PASS">
          <reporter-output>
          </reporter-output>
        </test-method> <!-- openApp -->
        <test-method signature="tc1()[pri:0, instance:scripts.inVC_Recurring_Schedule@78aab498]" started-at="2023-02-13T14:53:56 IST" name="tc1" finished-at="2023-02-13T14:54:13 IST" duration-ms="16916" status="PASS">
          <reporter-output>
          </reporter-output>
        </test-method> <!-- tc1 -->
        <test-method is-config="true" signature="closeApp(org.testng.ITestResult)[pri:0, instance:scripts.inVC_Recurring_Schedule@78aab498]" started-at="2023-02-13T14:54:13 IST" name="closeApp" finished-at="2023-02-13T14:54:14 IST" duration-ms="1737" status="PASS">
          <params>
            <param index="0">
              <value>
                <![CDATA[[TestResult name=tc1 status=SUCCESS method=inVC_Recurring_Schedule.tc1()[pri:0, instance:scripts.inVC_Recurring_Schedule@78aab498] output={null}]]]>
              </value>
            </param>
          </params>
          <reporter-output>
          </reporter-output>
        </test-method> <!-- closeApp -->
        <test-method is-config="true" signature="openApp()[pri:0, instance:scripts.inVC_Recurring_Schedule@78aab498]" started-at="2023-02-13T14:54:14 IST" name="openApp" finished-at="2023-02-13T14:54:20 IST" duration-ms="5908" status="PASS">
          <reporter-output>
          </reporter-output>
        </test-method> <!-- openApp -->
        <test-method signature="tc2()[pri:1, instance:scripts.inVC_Recurring_Schedule@78aab498]" started-at="2023-02-13T14:54:20 IST" name="tc2" finished-at="2023-02-13T14:54:39 IST" duration-ms="19283" status="PASS">
          <reporter-output>
          </reporter-output>
        </test-method> <!-- tc2 -->
        <test-method is-config="true" signature="closeApp(org.testng.ITestResult)[pri:0, instance:scripts.inVC_Recurring_Schedule@78aab498]" started-at="2023-02-13T14:54:39 IST" name="closeApp" finished-at="2023-02-13T14:54:41 IST" duration-ms="1595" status="PASS">
          <params>
            <param index="0">
              <value>
                <![CDATA[[TestResult name=tc2 status=SUCCESS method=inVC_Recurring_Schedule.tc2()[pri:1, instance:scripts.inVC_Recurring_Schedule@78aab498] output={null}]]]>
              </value>
            </param>
          </params>
          <reporter-output>
          </reporter-output>
        </test-method> <!-- closeApp -->
        <test-method is-config="true" signature="openApp()[pri:0, instance:scripts.inVC_Recurring_Schedule@78aab498]" started-at="2023-02-13T14:54:41 IST" name="openApp" finished-at="2023-02-13T14:54:47 IST" duration-ms="6066" status="PASS">
          <reporter-output>
          </reporter-output>
        </test-method> <!-- openApp -->
        <test-method signature="tc3()[pri:2, instance:scripts.inVC_Recurring_Schedule@78aab498]" started-at="2023-02-13T14:54:47 IST" name="tc3" finished-at="2023-02-13T14:55:10 IST" duration-ms="22632" status="PASS">
          <reporter-output>
          </reporter-output>
        </test-method> <!-- tc3 -->
        <test-method is-config="true" signature="closeApp(org.testng.ITestResult)[pri:0, instance:scripts.inVC_Recurring_Schedule@78aab498]" started-at="2023-02-13T14:55:10 IST" name="closeApp" finished-at="2023-02-13T14:55:11 IST" duration-ms="1529" status="PASS">
          <params>
            <param index="0">
              <value>
                <![CDATA[[TestResult name=tc3 status=SUCCESS method=inVC_Recurring_Schedule.tc3()[pri:2, instance:scripts.inVC_Recurring_Schedule@78aab498] output={null}]]]>
              </value>
            </param>
          </params>
          <reporter-output>
          </reporter-output>
        </test-method> <!-- closeApp -->
        <test-method is-config="true" signature="openApp()[pri:0, instance:scripts.inVC_Recurring_Schedule@78aab498]" started-at="2023-02-13T14:55:11 IST" name="openApp" finished-at="2023-02-13T14:55:17 IST" duration-ms="6193" status="PASS">
          <reporter-output>
          </reporter-output>
        </test-method> <!-- openApp -->
        <test-method signature="tc4()[pri:3, instance:scripts.inVC_Recurring_Schedule@78aab498]" started-at="2023-02-13T14:55:17 IST" name="tc4" finished-at="2023-02-13T14:55:48 IST" duration-ms="30078" status="PASS">
          <reporter-output>
          </reporter-output>
        </test-method> <!-- tc4 -->
        <test-method is-config="true" signature="closeApp(org.testng.ITestResult)[pri:0, instance:scripts.inVC_Recurring_Schedule@78aab498]" started-at="2023-02-13T14:55:48 IST" name="closeApp" finished-at="2023-02-13T14:55:49 IST" duration-ms="1429" status="PASS">
          <params>
            <param index="0">
              <value>
                <![CDATA[[TestResult name=tc4 status=SUCCESS method=inVC_Recurring_Schedule.tc4()[pri:3, instance:scripts.inVC_Recurring_Schedule@78aab498] output={null}]]]>
              </value>
            </param>
          </params>
          <reporter-output>
          </reporter-output>
        </test-method> <!-- closeApp -->
        <test-method is-config="true" signature="openApp()[pri:0, instance:scripts.inVC_Recurring_Schedule@78aab498]" started-at="2023-02-13T14:55:49 IST" name="openApp" finished-at="2023-02-13T14:55:56 IST" duration-ms="6641" status="PASS">
          <reporter-output>
          </reporter-output>
        </test-method> <!-- openApp -->
        <test-method signature="tc5()[pri:4, instance:scripts.inVC_Recurring_Schedule@78aab498]" started-at="2023-02-13T14:55:56 IST" name="tc5" finished-at="2023-02-13T14:56:33 IST" duration-ms="37357" status="PASS">
          <reporter-output>
          </reporter-output>
        </test-method> <!-- tc5 -->
        <test-method is-config="true" signature="closeApp(org.testng.ITestResult)[pri:0, instance:scripts.inVC_Recurring_Schedule@78aab498]" started-at="2023-02-13T14:56:33 IST" name="closeApp" finished-at="2023-02-13T14:56:34 IST" duration-ms="1449" status="PASS">
          <params>
            <param index="0">
              <value>
                <![CDATA[[TestResult name=tc5 status=SUCCESS method=inVC_Recurring_Schedule.tc5()[pri:4, instance:scripts.inVC_Recurring_Schedule@78aab498] output={null}]]]>
              </value>
            </param>
          </params>
          <reporter-output>
          </reporter-output>
        </test-method> <!-- closeApp -->
        <test-method is-config="true" signature="openApp()[pri:0, instance:scripts.inVC_Recurring_Schedule@78aab498]" started-at="2023-02-13T14:56:34 IST" name="openApp" finished-at="2023-02-13T14:56:42 IST" duration-ms="7935" status="PASS">
          <reporter-output>
          </reporter-output>
        </test-method> <!-- openApp -->
        <test-method signature="tc6()[pri:5, instance:scripts.inVC_Recurring_Schedule@78aab498]" started-at="2023-02-13T14:56:42 IST" name="tc6" finished-at="2023-02-13T14:57:00 IST" duration-ms="17689" status="PASS">
          <reporter-output>
          </reporter-output>
        </test-method> <!-- tc6 -->
        <test-method is-config="true" signature="closeApp(org.testng.ITestResult)[pri:0, instance:scripts.inVC_Recurring_Schedule@78aab498]" started-at="2023-02-13T14:57:00 IST" name="closeApp" finished-at="2023-02-13T14:57:02 IST" duration-ms="1540" status="PASS">
          <params>
            <param index="0">
              <value>
                <![CDATA[[TestResult name=tc6 status=SUCCESS method=inVC_Recurring_Schedule.tc6()[pri:5, instance:scripts.inVC_Recurring_Schedule@78aab498] output={null}]]]>
              </value>
            </param>
          </params>
          <reporter-output>
          </reporter-output>
        </test-method> <!-- closeApp -->
        <test-method is-config="true" signature="openApp()[pri:0, instance:scripts.inVC_Recurring_Schedule@78aab498]" started-at="2023-02-13T14:57:02 IST" name="openApp" finished-at="2023-02-13T14:57:07 IST" duration-ms="5687" status="PASS">
          <reporter-output>
          </reporter-output>
        </test-method> <!-- openApp -->
        <test-method signature="tc7()[pri:6, instance:scripts.inVC_Recurring_Schedule@78aab498]" started-at="2023-02-13T14:57:07 IST" name="tc7" finished-at="2023-02-13T14:57:23 IST" duration-ms="16056" status="PASS">
          <reporter-output>
          </reporter-output>
        </test-method> <!-- tc7 -->
        <test-method is-config="true" signature="closeApp(org.testng.ITestResult)[pri:0, instance:scripts.inVC_Recurring_Schedule@78aab498]" started-at="2023-02-13T14:57:23 IST" name="closeApp" finished-at="2023-02-13T14:57:25 IST" duration-ms="1379" status="PASS">
          <params>
            <param index="0">
              <value>
                <![CDATA[[TestResult name=tc7 status=SUCCESS method=inVC_Recurring_Schedule.tc7()[pri:6, instance:scripts.inVC_Recurring_Schedule@78aab498] output={null}]]]>
              </value>
            </param>
          </params>
          <reporter-output>
          </reporter-output>
        </test-method> <!-- closeApp -->
        <test-method is-config="true" signature="openApp()[pri:0, instance:scripts.inVC_Recurring_Schedule@78aab498]" started-at="2023-02-13T14:57:25 IST" name="openApp" finished-at="2023-02-13T14:57:31 IST" duration-ms="6009" status="PASS">
          <reporter-output>
          </reporter-output>
        </test-method> <!-- openApp -->
        <test-method signature="tc8()[pri:7, instance:scripts.inVC_Recurring_Schedule@78aab498]" started-at="2023-02-13T14:57:31 IST" name="tc8" finished-at="2023-02-13T14:57:47 IST" duration-ms="16019" status="PASS">
          <reporter-output>
          </reporter-output>
        </test-method> <!-- tc8 -->
        <test-method is-config="true" signature="closeApp(org.testng.ITestResult)[pri:0, instance:scripts.inVC_Recurring_Schedule@78aab498]" started-at="2023-02-13T14:57:47 IST" name="closeApp" finished-at="2023-02-13T14:57:48 IST" duration-ms="1387" status="PASS">
          <params>
            <param index="0">
              <value>
                <![CDATA[[TestResult name=tc8 status=SUCCESS method=inVC_Recurring_Schedule.tc8()[pri:7, instance:scripts.inVC_Recurring_Schedule@78aab498] output={null}]]]>
              </value>
            </param>
          </params>
          <reporter-output>
          </reporter-output>
        </test-method> <!-- closeApp -->
        <test-method is-config="true" signature="openApp()[pri:0, instance:scripts.inVC_Recurring_Schedule@78aab498]" started-at="2023-02-13T14:57:48 IST" name="openApp" finished-at="2023-02-13T14:57:54 IST" duration-ms="5734" status="PASS">
          <reporter-output>
          </reporter-output>
        </test-method> <!-- openApp -->
        <test-method retried="true" signature="tc9()[pri:8, instance:scripts.inVC_Recurring_Schedule@78aab498]" started-at="2023-02-13T14:57:54 IST" name="tc9" finished-at="2023-02-13T14:58:14 IST" duration-ms="20010" status="SKIP">
          <exception class="org.openqa.selenium.ElementClickInterceptedException">
            <message>
              <![CDATA[Element <span class="MuiIconButton-label"> is not clickable at point (177,304) because another element <li class="MuiButtonBase-root MuiListItem-root MuiMenuItem-root MuiMenuItem-gutters MuiListItem-gutters MuiListItem-button"> obscures it
Build info: version: '3.141.59', revision: 'e82be7d358', time: '2018-11-14T08:17:03'
System info: host: 'TEST-010', ip: '172.16.16.7', os.name: 'Windows 10', os.arch: 'amd64', os.version: '10.0', java.version: '17.0.6'
Driver info: org.openqa.selenium.firefox.FirefoxDriver
Capabilities {acceptInsecureCerts: true, browserName: firefox, browserVersion: 109.0.1, javascriptEnabled: true, moz:accessibilityChecks: false, moz:buildID: 20230127170202, moz:geckodriverVersion: 0.32.0, moz:headless: false, moz:platformVersion: 10.0, moz:processID: 16312, moz:profile: C:\Users\SOHEL~1.TES\AppDat..., moz:shutdownTimeout: 60000, moz:useNonSpecCompliantPointerOrigin: false, moz:webdriverClick: true, moz:windowless: false, pageLoadStrategy: normal, platform: WINDOWS, platformName: WINDOWS, proxy: Proxy(), setWindowRect: true, strictFileInteractability: false, timeouts: {implicit: 0, pageLoad: 300000, script: 30000}, unhandledPromptBehavior: dismiss and notify}
Session ID: 5dbedfc7-e02e-44ae-bd54-84a0687cd113]]>
            </message>
            <full-stacktrace>
              <![CDATA[org.openqa.selenium.ElementClickInterceptedException: Element <span class="MuiIconButton-label"> is not clickable at point (177,304) because another element <li class="MuiButtonBase-root MuiListItem-root MuiMenuItem-root MuiMenuItem-gutters MuiListItem-gutters MuiListItem-button"> obscures it
Build info: version: '3.141.59', revision: 'e82be7d358', time: '2018-11-14T08:17:03'
System info: host: 'TEST-010', ip: '172.16.16.7', os.name: 'Windows 10', os.arch: 'amd64', os.version: '10.0', java.version: '17.0.6'
Driver info: org.openqa.selenium.firefox.FirefoxDriver
Capabilities {acceptInsecureCerts: true, browserName: firefox, browserVersion: 109.0.1, javascriptEnabled: true, moz:accessibilityChecks: false, moz:buildID: 20230127170202, moz:geckodriverVersion: 0.32.0, moz:headless: false, moz:platformVersion: 10.0, moz:processID: 16312, moz:profile: C:\Users\SOHEL~1.TES\AppDat..., moz:shutdownTimeout: 60000, moz:useNonSpecCompliantPointerOrigin: false, moz:webdriverClick: true, moz:windowless: false, pageLoadStrategy: normal, platform: WINDOWS, platformName: WINDOWS, proxy: Proxy(), setWindowRect: true, strictFileInteractability: false, timeouts: {implicit: 0, pageLoad: 300000, script: 30000}, unhandledPromptBehavior: dismiss and notify}
Session ID: 5dbedfc7-e02e-44ae-bd54-84a0687cd113
at java.base/jdk.internal.reflect.NativeConstructorAccessorImpl.newInstance0(Native Method)
at java.base/jdk.internal.reflect.NativeConstructorAccessorImpl.newInstance(NativeConstructorAccessorImpl.java:77)
at java.base/jdk.internal.reflect.DelegatingConstructorAccessorImpl.newInstance(DelegatingConstructorAccessorImpl.java:45)
at java.base/java.lang.reflect.Constructor.newInstanceWithCaller(Constructor.java:499)
at java.base/java.lang.reflect.Constructor.newInstance(Constructor.java:480)
at org.openqa.selenium.remote.http.W3CHttpResponseCodec.createException(W3CHttpResponseCodec.java:187)
at org.openqa.selenium.remote.http.W3CHttpResponseCodec.decode(W3CHttpResponseCodec.java:122)
at org.openqa.selenium.remote.http.W3CHttpResponseCodec.decode(W3CHttpResponseCodec.java:49)
at org.openqa.selenium.remote.HttpCommandExecutor.execute(HttpCommandExecutor.java:158)
at org.openqa.selenium.remote.service.DriverCommandExecutor.execute(DriverCommandExecutor.java:83)
at org.openqa.selenium.remote.RemoteWebDriver.execute(RemoteWebDriver.java:552)
at org.openqa.selenium.remote.RemoteWebElement.execute(RemoteWebElement.java:285)
at org.openqa.selenium.remote.RemoteWebElement.click(RemoteWebElement.java:84)
at scripts.inVC_Recurring_Schedule.tc9(inVC_Recurring_Schedule.java:427)
at java.base/jdk.internal.reflect.NativeMethodAccessorImpl.invoke0(Native Method)
at java.base/jdk.internal.reflect.NativeMethodAccessorImpl.invoke(NativeMethodAccessorImpl.java:77)
at java.base/jdk.internal.reflect.DelegatingMethodAccessorImpl.invoke(DelegatingMethodAccessorImpl.java:43)
at java.base/java.lang.reflect.Method.invoke(Method.java:568)
at org.testng.internal.MethodInvocationHelper.invokeMethod(MethodInvocationHelper.java:133)
at org.testng.internal.TestInvoker.invokeMethod(TestInvoker.java:598)
at org.testng.internal.TestInvoker.invokeTestMethod(TestInvoker.java:173)
at org.testng.internal.MethodRunner.runInSequence(MethodRunner.java:46)
at org.testng.internal.TestInvoker$MethodInvocationAgent.invoke(TestInvoker.java:824)
at org.testng.internal.TestInvoker.invokeTestMethods(TestInvoker.java:146)
at org.testng.internal.TestMethodWorker.invokeTestMethods(TestMethodWorker.java:146)
at org.testng.internal.TestMethodWorker.run(TestMethodWorker.java:128)
at java.base/java.util.ArrayList.forEach(ArrayList.java:1511)
at org.testng.TestRunner.privateRun(TestRunner.java:794)
at org.testng.TestRunner.run(TestRunner.java:596)
at org.testng.SuiteRunner.runTest(SuiteRunner.java:377)
at org.testng.SuiteRunner.runSequentially(SuiteRunner.java:371)
at org.testng.SuiteRunner.privateRun(SuiteRunner.java:332)
at org.testng.SuiteRunner.run(SuiteRunner.java:276)
at org.testng.SuiteRunnerWorker.runSuite(SuiteRunnerWorker.java:53)
at org.testng.SuiteRunnerWorker.run(SuiteRunnerWorker.java:96)
at org.testng.TestNG.runSuitesSequentially(TestNG.java:1212)
at org.testng.TestNG.runSuitesLocally(TestNG.java:1134)
at org.testng.TestNG.runSuites(TestNG.java:1063)
at org.testng.TestNG.run(TestNG.java:1031)
at org.apache.maven.surefire.testng.TestNGExecutor.run(TestNGExecutor.java:324)
at org.apache.maven.surefire.testng.TestNGXmlTestSuite.execute(TestNGXmlTestSuite.java:74)
at org.apache.maven.surefire.testng.TestNGProvider.invoke(TestNGProvider.java:123)
at org.apache.maven.surefire.booter.ForkedBooter.runSuitesInProcess(ForkedBooter.java:456)
at org.apache.maven.surefire.booter.ForkedBooter.execute(ForkedBooter.java:169)
at org.apache.maven.surefire.booter.ForkedBooter.run(ForkedBooter.java:595)
at org.apache.maven.surefire.booter.ForkedBooter.main(ForkedBooter.java:581)
]]>
            </full-stacktrace>
          </exception> <!-- org.openqa.selenium.ElementClickInterceptedException -->
          <reporter-output>
          </reporter-output>
        </test-method> <!-- tc9 -->
        <test-method is-config="true" signature="closeApp(org.testng.ITestResult)[pri:0, instance:scripts.inVC_Recurring_Schedule@78aab498]" started-at="2023-02-13T14:58:14 IST" name="closeApp" finished-at="2023-02-13T14:58:16 IST" duration-ms="1618" status="PASS">
          <params>
            <param index="0">
              <value>
                <![CDATA[[TestResult name=tc9 status=SKIP method=inVC_Recurring_Schedule.tc9()[pri:8, instance:scripts.inVC_Recurring_Schedule@78aab498] output={null}]]]>
              </value>
            </param>
          </params>
          <reporter-output>
          </reporter-output>
        </test-method> <!-- closeApp -->
        <test-method is-config="true" signature="openApp()[pri:0, instance:scripts.inVC_Recurring_Schedule@78aab498]" started-at="2023-02-13T14:58:16 IST" name="openApp" finished-at="2023-02-13T14:58:22 IST" duration-ms="6024" status="PASS">
          <reporter-output>
          </reporter-output>
        </test-method> <!-- openApp -->
        <test-method signature="tc9()[pri:8, instance:scripts.inVC_Recurring_Schedule@78aab498]" started-at="2023-02-13T14:58:22 IST" name="tc9" finished-at="2023-02-13T14:58:46 IST" duration-ms="24851" status="PASS">
          <reporter-output>
          </reporter-output>
        </test-method> <!-- tc9 -->
        <test-method is-config="true" signature="closeApp(org.testng.ITestResult)[pri:0, instance:scripts.inVC_Recurring_Schedule@78aab498]" started-at="2023-02-13T14:58:46 IST" name="closeApp" finished-at="2023-02-13T14:58:48 IST" duration-ms="1571" status="PASS">
          <params>
            <param index="0">
              <value>
                <![CDATA[[TestResult name=tc9 status=SUCCESS method=inVC_Recurring_Schedule.tc9()[pri:8, instance:scripts.inVC_Recurring_Schedule@78aab498] output={null}]]]>
              </value>
            </param>
          </params>
          <reporter-output>
          </reporter-output>
        </test-method> <!-- closeApp -->
        <test-method is-config="true" signature="openApp()[pri:0, instance:scripts.inVC_Recurring_Schedule@78aab498]" started-at="2023-02-13T14:58:48 IST" name="openApp" finished-at="2023-02-13T14:58:53 IST" duration-ms="5518" status="PASS">
          <reporter-output>
          </reporter-output>
        </test-method> <!-- openApp -->
        <test-method signature="tc10()[pri:9, instance:scripts.inVC_Recurring_Schedule@78aab498]" started-at="2023-02-13T14:58:53 IST" name="tc10" finished-at="2023-02-13T14:59:18 IST" duration-ms="24298" status="PASS">
          <reporter-output>
          </reporter-output>
        </test-method> <!-- tc10 -->
        <test-method is-config="true" signature="closeApp(org.testng.ITestResult)[pri:0, instance:scripts.inVC_Recurring_Schedule@78aab498]" started-at="2023-02-13T14:59:18 IST" name="closeApp" finished-at="2023-02-13T14:59:20 IST" duration-ms="1741" status="PASS">
          <params>
            <param index="0">
              <value>
                <![CDATA[[TestResult name=tc10 status=SUCCESS method=inVC_Recurring_Schedule.tc10()[pri:9, instance:scripts.inVC_Recurring_Schedule@78aab498] output={null}]]]>
              </value>
            </param>
          </params>
          <reporter-output>
          </reporter-output>
        </test-method> <!-- closeApp -->
        <test-method is-config="true" signature="openApp()[pri:0, instance:scripts.inVC_Recurring_Schedule@78aab498]" started-at="2023-02-13T14:59:20 IST" name="openApp" finished-at="2023-02-13T14:59:25 IST" duration-ms="5646" status="PASS">
          <reporter-output>
          </reporter-output>
        </test-method> <!-- openApp -->
        <test-method signature="tc11()[pri:10, instance:scripts.inVC_Recurring_Schedule@78aab498]" started-at="2023-02-13T14:59:25 IST" name="tc11" finished-at="2023-02-13T14:59:49 IST" duration-ms="23361" status="PASS">
          <reporter-output>
          </reporter-output>
        </test-method> <!-- tc11 -->
        <test-method is-config="true" signature="closeApp(org.testng.ITestResult)[pri:0, instance:scripts.inVC_Recurring_Schedule@78aab498]" started-at="2023-02-13T14:59:49 IST" name="closeApp" finished-at="2023-02-13T14:59:50 IST" duration-ms="1648" status="PASS">
          <params>
            <param index="0">
              <value>
                <![CDATA[[TestResult name=tc11 status=SUCCESS method=inVC_Recurring_Schedule.tc11()[pri:10, instance:scripts.inVC_Recurring_Schedule@78aab498] output={null}]]]>
              </value>
            </param>
          </params>
          <reporter-output>
          </reporter-output>
        </test-method> <!-- closeApp -->
        <test-method is-config="true" signature="openApp()[pri:0, instance:scripts.inVC_Recurring_Schedule@78aab498]" started-at="2023-02-13T14:59:50 IST" name="openApp" finished-at="2023-02-13T14:59:56 IST" duration-ms="5562" status="PASS">
          <reporter-output>
          </reporter-output>
        </test-method> <!-- openApp -->
        <test-method signature="tc12()[pri:11, instance:scripts.inVC_Recurring_Schedule@78aab498]" started-at="2023-02-13T14:59:56 IST" name="tc12" finished-at="2023-02-13T15:00:23 IST" duration-ms="27457" status="PASS">
          <reporter-output>
          </reporter-output>
        </test-method> <!-- tc12 -->
        <test-method is-config="true" signature="closeApp(org.testng.ITestResult)[pri:0, instance:scripts.inVC_Recurring_Schedule@78aab498]" started-at="2023-02-13T15:00:23 IST" name="closeApp" finished-at="2023-02-13T15:00:25 IST" duration-ms="1628" status="PASS">
          <params>
            <param index="0">
              <value>
                <![CDATA[[TestResult name=tc12 status=SUCCESS method=inVC_Recurring_Schedule.tc12()[pri:11, instance:scripts.inVC_Recurring_Schedule@78aab498] output={null}]]]>
              </value>
            </param>
          </params>
          <reporter-output>
          </reporter-output>
        </test-method> <!-- closeApp -->
        <test-method is-config="true" signature="openApp()[pri:0, instance:scripts.inVC_Recurring_Schedule@78aab498]" started-at="2023-02-13T15:00:25 IST" name="openApp" finished-at="2023-02-13T15:00:30 IST" duration-ms="5636" status="PASS">
          <reporter-output>
          </reporter-output>
        </test-method> <!-- openApp -->
        <test-method signature="tc14()[pri:13, instance:scripts.inVC_Recurring_Schedule@78aab498]" started-at="2023-02-13T15:00:30 IST" name="tc14" finished-at="2023-02-13T15:00:46 IST" duration-ms="15299" status="PASS">
          <reporter-output>
          </reporter-output>
        </test-method> <!-- tc14 -->
        <test-method is-config="true" signature="closeApp(org.testng.ITestResult)[pri:0, instance:scripts.inVC_Recurring_Schedule@78aab498]" started-at="2023-02-13T15:00:46 IST" name="closeApp" finished-at="2023-02-13T15:00:47 IST" duration-ms="1644" status="PASS">
          <params>
            <param index="0">
              <value>
                <![CDATA[[TestResult name=tc14 status=SUCCESS method=inVC_Recurring_Schedule.tc14()[pri:13, instance:scripts.inVC_Recurring_Schedule@78aab498] output={null}]]]>
              </value>
            </param>
          </params>
          <reporter-output>
          </reporter-output>
        </test-method> <!-- closeApp -->
      </class> <!-- scripts.inVC_Recurring_Schedule -->
      <class name="scripts.inVC_SignUp_Page">
        <test-method is-config="true" signature="openApp()[pri:0, instance:scripts.inVC_SignUp_Page@6ef888f6]" started-at="2023-02-13T15:00:47 IST" name="openApp" finished-at="2023-02-13T15:00:53 IST" duration-ms="5602" status="PASS">
          <reporter-output>
          </reporter-output>
        </test-method> <!-- openApp -->
        <test-method signature="tc1()[pri:0, instance:scripts.inVC_SignUp_Page@6ef888f6]" started-at="2023-02-13T15:00:53 IST" name="tc1" finished-at="2023-02-13T15:01:02 IST" duration-ms="9236" status="PASS">
          <reporter-output>
          </reporter-output>
        </test-method> <!-- tc1 -->
        <test-method is-config="true" signature="closeApp(org.testng.ITestResult)[pri:0, instance:scripts.inVC_SignUp_Page@6ef888f6]" started-at="2023-02-13T15:01:02 IST" name="closeApp" finished-at="2023-02-13T15:01:04 IST" duration-ms="1589" status="PASS">
          <params>
            <param index="0">
              <value>
                <![CDATA[[TestResult name=tc1 status=SUCCESS method=inVC_SignUp_Page.tc1()[pri:0, instance:scripts.inVC_SignUp_Page@6ef888f6] output={null}]]]>
              </value>
            </param>
          </params>
          <reporter-output>
          </reporter-output>
        </test-method> <!-- closeApp -->
        <test-method is-config="true" signature="openApp()[pri:0, instance:scripts.inVC_SignUp_Page@6ef888f6]" started-at="2023-02-13T15:01:04 IST" name="openApp" finished-at="2023-02-13T15:01:10 IST" duration-ms="5839" status="PASS">
          <reporter-output>
          </reporter-output>
        </test-method> <!-- openApp -->
        <test-method signature="tc2()[pri:0, instance:scripts.inVC_SignUp_Page@6ef888f6]" started-at="2023-02-13T15:01:10 IST" name="tc2" finished-at="2023-02-13T15:01:20 IST" duration-ms="10450" status="PASS">
          <reporter-output>
          </reporter-output>
        </test-method> <!-- tc2 -->
        <test-method is-config="true" signature="closeApp(org.testng.ITestResult)[pri:0, instance:scripts.inVC_SignUp_Page@6ef888f6]" started-at="2023-02-13T15:01:20 IST" name="closeApp" finished-at="2023-02-13T15:01:22 IST" duration-ms="1570" status="PASS">
          <params>
            <param index="0">
              <value>
                <![CDATA[[TestResult name=tc2 status=SUCCESS method=inVC_SignUp_Page.tc2()[pri:0, instance:scripts.inVC_SignUp_Page@6ef888f6] output={null}]]]>
              </value>
            </param>
          </params>
          <reporter-output>
          </reporter-output>
        </test-method> <!-- closeApp -->
        <test-method is-config="true" signature="openApp()[pri:0, instance:scripts.inVC_SignUp_Page@6ef888f6]" started-at="2023-02-13T15:01:22 IST" name="openApp" finished-at="2023-02-13T15:01:28 IST" duration-ms="5822" status="PASS">
          <reporter-output>
          </reporter-output>
        </test-method> <!-- openApp -->
        <test-method signature="tc3()[pri:0, instance:scripts.inVC_SignUp_Page@6ef888f6]" started-at="2023-02-13T15:01:28 IST" name="tc3" finished-at="2023-02-13T15:01:38 IST" duration-ms="10447" status="PASS">
          <reporter-output>
          </reporter-output>
        </test-method> <!-- tc3 -->
        <test-method is-config="true" signature="closeApp(org.testng.ITestResult)[pri:0, instance:scripts.inVC_SignUp_Page@6ef888f6]" started-at="2023-02-13T15:01:38 IST" name="closeApp" finished-at="2023-02-13T15:01:40 IST" duration-ms="1572" status="PASS">
          <params>
            <param index="0">
              <value>
                <![CDATA[[TestResult name=tc3 status=SUCCESS method=inVC_SignUp_Page.tc3()[pri:0, instance:scripts.inVC_SignUp_Page@6ef888f6] output={null}]]]>
              </value>
            </param>
          </params>
          <reporter-output>
          </reporter-output>
        </test-method> <!-- closeApp -->
        <test-method is-config="true" signature="openApp()[pri:0, instance:scripts.inVC_SignUp_Page@6ef888f6]" started-at="2023-02-13T15:01:40 IST" name="openApp" finished-at="2023-02-13T15:01:45 IST" duration-ms="5873" status="PASS">
          <reporter-output>
          </reporter-output>
        </test-method> <!-- openApp -->
        <test-method signature="tc4()[pri:0, instance:scripts.inVC_SignUp_Page@6ef888f6]" started-at="2023-02-13T15:01:45 IST" name="tc4" finished-at="2023-02-13T15:01:56 IST" duration-ms="10628" status="PASS">
          <reporter-output>
          </reporter-output>
        </test-method> <!-- tc4 -->
        <test-method is-config="true" signature="closeApp(org.testng.ITestResult)[pri:0, instance:scripts.inVC_SignUp_Page@6ef888f6]" started-at="2023-02-13T15:01:56 IST" name="closeApp" finished-at="2023-02-13T15:01:58 IST" duration-ms="1487" status="PASS">
          <params>
            <param index="0">
              <value>
                <![CDATA[[TestResult name=tc4 status=SUCCESS method=inVC_SignUp_Page.tc4()[pri:0, instance:scripts.inVC_SignUp_Page@6ef888f6] output={null}]]]>
              </value>
            </param>
          </params>
          <reporter-output>
          </reporter-output>
        </test-method> <!-- closeApp -->
        <test-method is-config="true" signature="openApp()[pri:0, instance:scripts.inVC_SignUp_Page@6ef888f6]" started-at="2023-02-13T15:01:58 IST" name="openApp" finished-at="2023-02-13T15:02:04 IST" duration-ms="6516" status="PASS">
          <reporter-output>
          </reporter-output>
        </test-method> <!-- openApp -->
        <test-method signature="tc5()[pri:0, instance:scripts.inVC_SignUp_Page@6ef888f6]" started-at="2023-02-13T15:02:04 IST" name="tc5" finished-at="2023-02-13T15:02:15 IST" duration-ms="10635" status="PASS">
          <reporter-output>
          </reporter-output>
        </test-method> <!-- tc5 -->
        <test-method is-config="true" signature="closeApp(org.testng.ITestResult)[pri:0, instance:scripts.inVC_SignUp_Page@6ef888f6]" started-at="2023-02-13T15:02:15 IST" name="closeApp" finished-at="2023-02-13T15:02:16 IST" duration-ms="1522" status="PASS">
          <params>
            <param index="0">
              <value>
                <![CDATA[[TestResult name=tc5 status=SUCCESS method=inVC_SignUp_Page.tc5()[pri:0, instance:scripts.inVC_SignUp_Page@6ef888f6] output={null}]]]>
              </value>
            </param>
          </params>
          <reporter-output>
          </reporter-output>
        </test-method> <!-- closeApp -->
        <test-method is-config="true" signature="openApp()[pri:0, instance:scripts.inVC_SignUp_Page@6ef888f6]" started-at="2023-02-13T15:02:16 IST" name="openApp" finished-at="2023-02-13T15:02:22 IST" duration-ms="5693" status="PASS">
          <reporter-output>
          </reporter-output>
        </test-method> <!-- openApp -->
        <test-method signature="tc6()[pri:0, instance:scripts.inVC_SignUp_Page@6ef888f6]" started-at="2023-02-13T15:02:22 IST" name="tc6" finished-at="2023-02-13T15:02:32 IST" duration-ms="10485" status="PASS">
          <reporter-output>
          </reporter-output>
        </test-method> <!-- tc6 -->
        <test-method is-config="true" signature="closeApp(org.testng.ITestResult)[pri:0, instance:scripts.inVC_SignUp_Page@6ef888f6]" started-at="2023-02-13T15:02:32 IST" name="closeApp" finished-at="2023-02-13T15:02:34 IST" duration-ms="1637" status="PASS">
          <params>
            <param index="0">
              <value>
                <![CDATA[[TestResult name=tc6 status=SUCCESS method=inVC_SignUp_Page.tc6()[pri:0, instance:scripts.inVC_SignUp_Page@6ef888f6] output={null}]]]>
              </value>
            </param>
          </params>
          <reporter-output>
          </reporter-output>
        </test-method> <!-- closeApp -->
      </class> <!-- scripts.inVC_SignUp_Page -->
    </test> <!-- Test -->
  </suite> <!-- Suite -->
</testng-results>
